set -e; avr-gcc -MM -mmcu=atmega128 -I. -O0 -gstabs -std=gnu99  -funsigned-char -funsigned-bitfields -fpack-struct -fshort-enums  -Wall -Wstrict-prototypes  -Wa,-adhlns=my_idea.lst   my_idea.c \
	| sed 's,\(.*\)\.o[ :]*,\1.o \1.d : ,g' > my_idea.d; \
	[ -s my_idea.d ] || rm -f my_idea.d

-------- begin --------
avr-gcc (WinAVR 20100110) 4.3.3
Copyright (C) 2008 Free Software Foundation, Inc.
This is free software; see the source for copying conditions.  There is NO
warranty; not even for MERCHANTABILITY or FITNESS FOR A PARTICULAR PURPOSE.


Compiling: my_idea.c
avr-gcc -c -mmcu=atmega128 -I. -O0 -gstabs -std=gnu99  -funsigned-char -funsigned-bitfields -fpack-struct -fshort-enums  -Wall -Wstrict-prototypes  -Wa,-adhlns=my_idea.lst   my_idea.c -o my_idea.o
In file included from my_idea.c:8:
d:/winavr-20100110/lib/gcc/../../avr/include/util\delay.h:85:3: warning: #warning "F_CPU not defined for <util/delay.h>"
d:/winavr-20100110/lib/gcc/../../avr/include/util\delay.h:90:3: warning: #warning "Compiler optimizations disabled; functions from <util/delay.h> won't work as designed"

Linking: my_idea.elf
avr-gcc -mmcu=atmega128 -I. -O0 -gstabs -std=gnu99  -funsigned-char -funsigned-bitfields -fpack-struct -fshort-enums  -Wall -Wstrict-prototypes  -Wa,-adhlns=my_idea.o   my_idea.o  --output my_idea.elf -lm -Wl,-Map=my_idea.map -Wl,--cref

Creating load file for Flash: my_idea.hex
avr-objcopy -O ihex -R .eeprom my_idea.elf my_idea.hex

Creating load file for EEPROM: my_idea.eep
avr-objcopy -j .eeprom --set-section-flags=.eeprom="alloc,load" \
	--change-section-lma .eeprom=0 -O ihex my_idea.elf my_idea.eep
d:\winavr-20100110\bin\avr-objcopy.exe: --change-section-lma .eeprom=0x00000000 never used

Creating Extended Listing: my_idea.lss
avr-objdump -h -S my_idea.elf > my_idea.lss

Creating Symbol Table: my_idea.sym
avr-nm -n my_idea.elf > my_idea.sym

Converting to AVR COFF: my_idea.cof
avr-objcopy --debugging --change-section-address .data-0x800000 --change-section-address .bss-0x800000 --change-section-address .noinit-0x800000 --change-section-address .eeprom-0x810000 -O coff-ext-avr my_idea.elf my_idea.cof   # Extended COFF. Supported in VMLAB from rel. 3.10
Warning: no "data" section found in output file
d:\winavr-20100110\bin\avr-objcopy.exe: --change-section-vma .eeprom+0xff7f0000 never used
d:\winavr-20100110\bin\avr-objcopy.exe: --change-section-lma .eeprom+0xff7f0000 never used
d:\winavr-20100110\bin\avr-objcopy.exe: --change-section-vma .noinit+0xff800000 never used
d:\winavr-20100110\bin\avr-objcopy.exe: --change-section-lma .noinit+0xff800000 never used
d:\winavr-20100110\bin\avr-objcopy.exe: --change-section-vma .bss+0xff800000 never used
d:\winavr-20100110\bin\avr-objcopy.exe: --change-section-lma .bss+0xff800000 never used
d:\winavr-20100110\bin\avr-objcopy.exe: --change-section-vma .data+0xff800000 never used
d:\winavr-20100110\bin\avr-objcopy.exe: --change-section-lma .data+0xff800000 never used

Size after:
my_idea.elf  :
section    size   addr
.text      1024      0
.stab      1032      0
.stabstr   1807      0
Total      3863



Errors: none
-------- end --------

