   1               		.file	"my_idea.c"
   2               	__SREG__ = 0x3f
   3               	__SP_H__ = 0x3e
   4               	__SP_L__ = 0x3d
   5               	__CCP__  = 0x34
   6               	__tmp_reg__ = 0
   7               	__zero_reg__ = 1
   9               		.text
  10               	.Ltext0:
  69               	.global	main
  71               	main:
   1:my_idea.c     **** // ***********************************************************
   2:my_idea.c     **** // Project:
   3:my_idea.c     **** // Author:
   4:my_idea.c     **** // Module description:
   5:my_idea.c     **** // ***********************************************************
   6:my_idea.c     **** 
   7:my_idea.c     **** #include <avr\io.h>              // Most basic include files
   8:my_idea.c     **** #include <util/delay.h>       // Add the necessary ones
   9:my_idea.c     **** 
  10:my_idea.c     **** 
  11:my_idea.c     **** int main(void)
  12:my_idea.c     **** {
  72               	_SP_L__
  73               		in r29,__SP_H__
  74               		sbiw r28,29
  75 0000 DF93      		in __tmp_reg__,__SREG__
  76 0002 CF93      		cli
  77 0004 CDB7      		out __SP_H__,r29
  78 0006 DEB7      		out __SREG__,__tmp_reg__
  79 0008 6D97      		out __SP_L__,r28
  80 000a 0FB6      	/* prologue: function */
  81 000c F894      	/* frame size = 29 */
  83 0010 0FBE      	.LM1:
  84 0012 CDBF      		ldi r30,lo8(52)
  85               		ldi r31,hi8(52)
  86               		ldi r24,lo8(-1)
  13:my_idea.c     **** 	DDRC = 0xFF;
  87               	bn	68,0,14,.LM2-.LFBB1
  88               	.LM2:
  89 0014 E4E3      		ldi r30,lo8(53)
  90 0016 F0E0      		ldi r31,hi8(53)
  91 0018 8FEF      		ldi r24,lo8(-1)
  92 001a 8083      		st Z,r24
  14:my_idea.c     ****     PORTC = 0xFF;
  93               	n	68,0,15,.LM3-.LFBB1
  94               	.LM3:
  95 001c E5E3      		ldi r30,lo8(49)
  96 001e F0E0      		ldi r31,hi8(49)
  97 0020 8FEF      		st Z,__zero_reg__
  15:my_idea.c     ****     DDRD = 0x00;
  99               		ldi r30,lo8(50)
 100               		ldi r31,hi8(50)
 101 0024 E1E3      		ldi r24,lo8(-1)
 102 0026 F0E0      		st Z,r24
 103 0028 1082      	.L20:
  16:my_idea.c     ****     PORTD = 0xFF;
 104               	bn	68,0,21,.LM5-.LFBB1
 105               	.LM5:
 106 002a E2E3      		ldi r30,lo8(48)
 107 002c F0E0      		ldi r31,hi8(48)
 108 002e 8FEF      		ld r24,Z
 109 0030 8083      		andi r24,lo8(-2)
 110               		std Y+29,r24
  17:my_idea.c     ****     unsigned char key;
  18:my_idea.c     **** 
  19:my_idea.c     ****     while (1)
  20:my_idea.c     ****     {
  21:my_idea.c     ****     	key = PIND & 0xFE;
 111               		68,0,23,.LM6-.LFBB1
 112               	.LM6:
 113 0032 E0E3      		ldi r30,lo8(48)
 114 0034 F0E0      		ldi r31,hi8(48)
 115 0036 8081      		ld r25,Z
 116 0038 8E7F      		ldd r24,Y+29
 117 003a 8D8F      		cp r25,r24
  22:my_idea.c     **** 		
  23:my_idea.c     ****         if (key == PIND)
 118               	+2
 119               		rjmp .L2
 121 003e F0E0      	.LM7:
 122 0040 9081      		ldi r30,lo8(53)
 123 0042 8D8D      		ldi r31,hi8(53)
 124 0044 9817      		ldi r24,lo8(-1)
 125 0046 01F0      		st Z,r24
 126 0048 00C0      		ldi r24,lo8(0x43480000)
  24:my_idea.c     ****         {
  25:my_idea.c     ****         	PORTC=0xFF;
 127               	hi8(0x43480000)
 128               		ldi r26,hlo8(0x43480000)
 129 004a E5E3      		ldi r27,hhi8(0x43480000)
 130 004c F0E0      		std Y+25,r24
 131 004e 8FEF      		std Y+26,r25
 132 0050 8083      		std Y+27,r26
 133 0052 80E0      		std Y+28,r27
 134 0054 90E0      	.LBB14:
 135 0056 A8E4      	.LBB15:
 137 005a 898F      	.Ltext1:
 139 005e AB8F      	.LM8:
 140 0060 BC8F      		ldd r22,Y+25
 141               		ldd r23,Y+26
 142               		ldd r24,Y+27
 143               		ldd r25,Y+28
 144               		ldi r18,lo8(0x437a0000)
   1:d:/winavr-20100110/lib/gcc/../../avr/include/util/delay.h **** /* Copyright (c) 2002, Marek Michalkiewicz
   2:d:/winavr-20100110/lib/gcc/../../avr/include/util/delay.h ****    Copyright (c) 2004,2005,2007 Joerg Wunsch
   3:d:/winavr-20100110/lib/gcc/../../avr/include/util/delay.h ****    Copyright (c) 2007  Florin-Viorel Petrov
   4:d:/winavr-20100110/lib/gcc/../../avr/include/util/delay.h ****    All rights reserved.
   5:d:/winavr-20100110/lib/gcc/../../avr/include/util/delay.h **** 
   6:d:/winavr-20100110/lib/gcc/../../avr/include/util/delay.h ****    Redistribution and use in source and binary forms, with or without
   7:d:/winavr-20100110/lib/gcc/../../avr/include/util/delay.h ****    modification, are permitted provided that the following conditions are met:
   8:d:/winavr-20100110/lib/gcc/../../avr/include/util/delay.h **** 
   9:d:/winavr-20100110/lib/gcc/../../avr/include/util/delay.h ****    * Redistributions of source code must retain the above copyright
  10:d:/winavr-20100110/lib/gcc/../../avr/include/util/delay.h ****      notice, this list of conditions and the following disclaimer.
  11:d:/winavr-20100110/lib/gcc/../../avr/include/util/delay.h **** 
  12:d:/winavr-20100110/lib/gcc/../../avr/include/util/delay.h ****    * Redistributions in binary form must reproduce the above copyright
  13:d:/winavr-20100110/lib/gcc/../../avr/include/util/delay.h ****      notice, this list of conditions and the following disclaimer in
  14:d:/winavr-20100110/lib/gcc/../../avr/include/util/delay.h ****      the documentation and/or other materials provided with the
  15:d:/winavr-20100110/lib/gcc/../../avr/include/util/delay.h ****      distribution.
  16:d:/winavr-20100110/lib/gcc/../../avr/include/util/delay.h **** 
  17:d:/winavr-20100110/lib/gcc/../../avr/include/util/delay.h ****    * Neither the name of the copyright holders nor the names of
  18:d:/winavr-20100110/lib/gcc/../../avr/include/util/delay.h ****      contributors may be used to endorse or promote products derived
  19:d:/winavr-20100110/lib/gcc/../../avr/include/util/delay.h ****      from this software without specific prior written permission.
  20:d:/winavr-20100110/lib/gcc/../../avr/include/util/delay.h **** 
  21:d:/winavr-20100110/lib/gcc/../../avr/include/util/delay.h ****   THIS SOFTWARE IS PROVIDED BY THE COPYRIGHT HOLDERS AND CONTRIBUTORS "AS IS"
  22:d:/winavr-20100110/lib/gcc/../../avr/include/util/delay.h ****   AND ANY EXPRESS OR IMPLIED WARRANTIES, INCLUDING, BUT NOT LIMITED TO, THE
  23:d:/winavr-20100110/lib/gcc/../../avr/include/util/delay.h ****   IMPLIED WARRANTIES OF MERCHANTABILITY AND FITNESS FOR A PARTICULAR PURPOSE
  24:d:/winavr-20100110/lib/gcc/../../avr/include/util/delay.h ****   ARE DISCLAIMED. IN NO EVENT SHALL THE COPYRIGHT OWNER OR CONTRIBUTORS BE
  25:d:/winavr-20100110/lib/gcc/../../avr/include/util/delay.h ****   LIABLE FOR ANY DIRECT, INDIRECT, INCIDENTAL, SPECIAL, EXEMPLARY, OR
  26:d:/winavr-20100110/lib/gcc/../../avr/include/util/delay.h ****   CONSEQUENTIAL DAMAGES (INCLUDING, BUT NOT LIMITED TO, PROCUREMENT OF
  27:d:/winavr-20100110/lib/gcc/../../avr/include/util/delay.h ****   SUBSTITUTE GOODS OR SERVICES; LOSS OF USE, DATA, OR PROFITS; OR BUSINESS
  28:d:/winavr-20100110/lib/gcc/../../avr/include/util/delay.h ****   INTERRUPTION) HOWEVER CAUSED AND ON ANY THEORY OF LIABILITY, WHETHER IN
  29:d:/winavr-20100110/lib/gcc/../../avr/include/util/delay.h ****   CONTRACT, STRICT LIABILITY, OR TORT (INCLUDING NEGLIGENCE OR OTHERWISE)
  30:d:/winavr-20100110/lib/gcc/../../avr/include/util/delay.h ****   ARISING IN ANY WAY OUT OF THE USE OF THIS SOFTWARE, EVEN IF ADVISED OF THE
  31:d:/winavr-20100110/lib/gcc/../../avr/include/util/delay.h ****   POSSIBILITY OF SUCH DAMAGE. */
  32:d:/winavr-20100110/lib/gcc/../../avr/include/util/delay.h **** 
  33:d:/winavr-20100110/lib/gcc/../../avr/include/util/delay.h **** /* $Id: delay.h,v 1.5.2.1 2009/02/25 10:14:03 joerg_wunsch Exp $ */
  34:d:/winavr-20100110/lib/gcc/../../avr/include/util/delay.h **** 
  35:d:/winavr-20100110/lib/gcc/../../avr/include/util/delay.h **** #ifndef _UTIL_DELAY_H_
  36:d:/winavr-20100110/lib/gcc/../../avr/include/util/delay.h **** #define _UTIL_DELAY_H_ 1
  37:d:/winavr-20100110/lib/gcc/../../avr/include/util/delay.h **** 
  38:d:/winavr-20100110/lib/gcc/../../avr/include/util/delay.h **** #include <inttypes.h>
  39:d:/winavr-20100110/lib/gcc/../../avr/include/util/delay.h **** #include <util/delay_basic.h>
  40:d:/winavr-20100110/lib/gcc/../../avr/include/util/delay.h **** 
  41:d:/winavr-20100110/lib/gcc/../../avr/include/util/delay.h **** /** \file */
  42:d:/winavr-20100110/lib/gcc/../../avr/include/util/delay.h **** /** \defgroup util_delay <util/delay.h>: Convenience functions for busy-wait delay loops
  43:d:/winavr-20100110/lib/gcc/../../avr/include/util/delay.h ****     \code
  44:d:/winavr-20100110/lib/gcc/../../avr/include/util/delay.h ****     #define F_CPU 1000000UL  // 1 MHz
  45:d:/winavr-20100110/lib/gcc/../../avr/include/util/delay.h ****     //#define F_CPU 14.7456E6
  46:d:/winavr-20100110/lib/gcc/../../avr/include/util/delay.h ****     #include <util/delay.h>
  47:d:/winavr-20100110/lib/gcc/../../avr/include/util/delay.h ****     \endcode
  48:d:/winavr-20100110/lib/gcc/../../avr/include/util/delay.h **** 
  49:d:/winavr-20100110/lib/gcc/../../avr/include/util/delay.h ****     \note As an alternative method, it is possible to pass the
  50:d:/winavr-20100110/lib/gcc/../../avr/include/util/delay.h ****     F_CPU macro down to the compiler from the Makefile.
  51:d:/winavr-20100110/lib/gcc/../../avr/include/util/delay.h ****     Obviously, in that case, no \c \#define statement should be
  52:d:/winavr-20100110/lib/gcc/../../avr/include/util/delay.h ****     used.
  53:d:/winavr-20100110/lib/gcc/../../avr/include/util/delay.h **** 
  54:d:/winavr-20100110/lib/gcc/../../avr/include/util/delay.h ****     The functions in this header file are wrappers around the basic
  55:d:/winavr-20100110/lib/gcc/../../avr/include/util/delay.h ****     busy-wait functions from <util/delay_basic.h>.  They are meant as
  56:d:/winavr-20100110/lib/gcc/../../avr/include/util/delay.h ****     convenience functions where actual time values can be specified
  57:d:/winavr-20100110/lib/gcc/../../avr/include/util/delay.h ****     rather than a number of cycles to wait for.  The idea behind is
  58:d:/winavr-20100110/lib/gcc/../../avr/include/util/delay.h ****     that compile-time constant expressions will be eliminated by
  59:d:/winavr-20100110/lib/gcc/../../avr/include/util/delay.h ****     compiler optimization so floating-point expressions can be used
  60:d:/winavr-20100110/lib/gcc/../../avr/include/util/delay.h ****     to calculate the number of delay cycles needed based on the CPU
  61:d:/winavr-20100110/lib/gcc/../../avr/include/util/delay.h ****     frequency passed by the macro F_CPU.
  62:d:/winavr-20100110/lib/gcc/../../avr/include/util/delay.h **** 
  63:d:/winavr-20100110/lib/gcc/../../avr/include/util/delay.h ****     \note In order for these functions to work as intended, compiler
  64:d:/winavr-20100110/lib/gcc/../../avr/include/util/delay.h ****     optimizations <em>must</em> be enabled, and the delay time
  65:d:/winavr-20100110/lib/gcc/../../avr/include/util/delay.h ****     <em>must</em> be an expression that is a known constant at
  66:d:/winavr-20100110/lib/gcc/../../avr/include/util/delay.h ****     compile-time.  If these requirements are not met, the resulting
  67:d:/winavr-20100110/lib/gcc/../../avr/include/util/delay.h ****     delay will be much longer (and basically unpredictable), and
  68:d:/winavr-20100110/lib/gcc/../../avr/include/util/delay.h ****     applications that otherwise do not use floating-point calculations
  69:d:/winavr-20100110/lib/gcc/../../avr/include/util/delay.h ****     will experience severe code bloat by the floating-point library
  70:d:/winavr-20100110/lib/gcc/../../avr/include/util/delay.h ****     routines linked into the application.
  71:d:/winavr-20100110/lib/gcc/../../avr/include/util/delay.h **** 
  72:d:/winavr-20100110/lib/gcc/../../avr/include/util/delay.h ****     The functions available allow the specification of microsecond, and
  73:d:/winavr-20100110/lib/gcc/../../avr/include/util/delay.h ****     millisecond delays directly, using the application-supplied macro
  74:d:/winavr-20100110/lib/gcc/../../avr/include/util/delay.h ****     F_CPU as the CPU clock frequency (in Hertz).
  75:d:/winavr-20100110/lib/gcc/../../avr/include/util/delay.h **** 
  76:d:/winavr-20100110/lib/gcc/../../avr/include/util/delay.h **** */
  77:d:/winavr-20100110/lib/gcc/../../avr/include/util/delay.h **** 
  78:d:/winavr-20100110/lib/gcc/../../avr/include/util/delay.h **** #if !defined(__DOXYGEN__)
  79:d:/winavr-20100110/lib/gcc/../../avr/include/util/delay.h **** static inline void _delay_us(double __us) __attribute__((always_inline));
  80:d:/winavr-20100110/lib/gcc/../../avr/include/util/delay.h **** static inline void _delay_ms(double __ms) __attribute__((always_inline));
  81:d:/winavr-20100110/lib/gcc/../../avr/include/util/delay.h **** #endif
  82:d:/winavr-20100110/lib/gcc/../../avr/include/util/delay.h **** 
  83:d:/winavr-20100110/lib/gcc/../../avr/include/util/delay.h **** #ifndef F_CPU
  84:d:/winavr-20100110/lib/gcc/../../avr/include/util/delay.h **** /* prevent compiler error by supplying a default */
  85:d:/winavr-20100110/lib/gcc/../../avr/include/util/delay.h **** # warning "F_CPU not defined for <util/delay.h>"
  86:d:/winavr-20100110/lib/gcc/../../avr/include/util/delay.h **** # define F_CPU 1000000UL
  87:d:/winavr-20100110/lib/gcc/../../avr/include/util/delay.h **** #endif
  88:d:/winavr-20100110/lib/gcc/../../avr/include/util/delay.h **** 
  89:d:/winavr-20100110/lib/gcc/../../avr/include/util/delay.h **** #ifndef __OPTIMIZE__
  90:d:/winavr-20100110/lib/gcc/../../avr/include/util/delay.h **** # warning "Compiler optimizations disabled; functions from <util/delay.h> won't work as designed"
  91:d:/winavr-20100110/lib/gcc/../../avr/include/util/delay.h **** #endif
  92:d:/winavr-20100110/lib/gcc/../../avr/include/util/delay.h **** 
  93:d:/winavr-20100110/lib/gcc/../../avr/include/util/delay.h **** /**
  94:d:/winavr-20100110/lib/gcc/../../avr/include/util/delay.h ****    \ingroup util_delay
  95:d:/winavr-20100110/lib/gcc/../../avr/include/util/delay.h **** 
  96:d:/winavr-20100110/lib/gcc/../../avr/include/util/delay.h ****    Perform a delay of \c __ms milliseconds, using _delay_loop_2().
  97:d:/winavr-20100110/lib/gcc/../../avr/include/util/delay.h **** 
  98:d:/winavr-20100110/lib/gcc/../../avr/include/util/delay.h ****    The macro F_CPU is supposed to be defined to a
  99:d:/winavr-20100110/lib/gcc/../../avr/include/util/delay.h ****    constant defining the CPU clock frequency (in Hertz).
 100:d:/winavr-20100110/lib/gcc/../../avr/include/util/delay.h **** 
 101:d:/winavr-20100110/lib/gcc/../../avr/include/util/delay.h ****    The maximal possible delay is 262.14 ms / F_CPU in MHz.
 102:d:/winavr-20100110/lib/gcc/../../avr/include/util/delay.h **** 
 103:d:/winavr-20100110/lib/gcc/../../avr/include/util/delay.h ****    When the user request delay which exceed the maximum possible one,
 104:d:/winavr-20100110/lib/gcc/../../avr/include/util/delay.h ****    _delay_ms() provides a decreased resolution functionality. In this
 105:d:/winavr-20100110/lib/gcc/../../avr/include/util/delay.h ****    mode _delay_ms() will work with a resolution of 1/10 ms, providing
 106:d:/winavr-20100110/lib/gcc/../../avr/include/util/delay.h ****    delays up to 6.5535 seconds (independent from CPU frequency).  The
 107:d:/winavr-20100110/lib/gcc/../../avr/include/util/delay.h ****    user will not be informed about decreased resolution.
 108:d:/winavr-20100110/lib/gcc/../../avr/include/util/delay.h ****  */
 109:d:/winavr-20100110/lib/gcc/../../avr/include/util/delay.h **** void
 110:d:/winavr-20100110/lib/gcc/../../avr/include/util/delay.h **** _delay_ms(double __ms)
 111:d:/winavr-20100110/lib/gcc/../../avr/include/util/delay.h **** {
 112:d:/winavr-20100110/lib/gcc/../../avr/include/util/delay.h **** 	uint16_t __ticks;
 113:d:/winavr-20100110/lib/gcc/../../avr/include/util/delay.h **** 	double __tmp = ((F_CPU) / 4e3) * __ms;
 145               	a0000)
 146               		ldi r20,hlo8(0x437a0000)
 147 0062 698D      		ldi r21,hhi8(0x437a0000)
 148 0064 7A8D      		call __mulsf3
 149 0066 8B8D      		movw r26,r24
 150 0068 9C8D      		movw r24,r22
 151 006a 20E0      		std Y+21,r24
 152 006c 30E0      		std Y+22,r25
 153 006e 4AE7      		std Y+23,r26
 154 0070 53E4      		std Y+24,r27
 156 0076 DC01      	.LM9:
 157 0078 CB01      		ldd r22,Y+21
 158 007a 8D8B      		ldd r23,Y+22
 159 007c 9E8B      		ldd r24,Y+23
 160 007e AF8B      		ldd r25,Y+24
 161 0080 B88F      		ldi r18,lo8(0x3f800000)
 114:d:/winavr-20100110/lib/gcc/../../avr/include/util/delay.h **** 	if (__tmp < 1.0)
 162               	800000)
 163               		ldi r20,hlo8(0x3f800000)
 164 0082 6D89      		ldi r21,hhi8(0x3f800000)
 165 0084 7E89      		call __ltsf2
 166 0086 8F89      		tst r24
 167 0088 988D      		brge .L26
 168 008a 20E0      	.L22:
 170 008e 40E8      	.LM10:
 171 0090 5FE3      		ldi r24,lo8(1)
 172 0092 0E94 0000 		ldi r25,hi8(1)
 173 0096 8823      		std Y+20,r25
 174 0098 04F4      		std Y+19,r24
 175               		rjmp .L5
 115:d:/winavr-20100110/lib/gcc/../../avr/include/util/delay.h **** 		__ticks = 1;
 176               	68,0,116,.LM11-.LFBB1
 177               	.LM11:
 178 009a 81E0      		ldd r22,Y+21
 179 009c 90E0      		ldd r23,Y+22
 180 009e 9C8B      		ldd r24,Y+23
 181 00a0 8B8B      		ldd r25,Y+24
 182 00a2 00C0      		ldi r18,lo8(0x477fff00)
 183               		ldi r19,hi8(0x477fff00)
 116:d:/winavr-20100110/lib/gcc/../../avr/include/util/delay.h **** 	else if (__tmp > 65535)
 184               	,hlo8(0x477fff00)
 185               		ldi r21,hhi8(0x477fff00)
 186 00a4 6D89      		call __gtsf2
 187 00a6 7E89      		cp __zero_reg__,r24
 188 00a8 8F89      		brge .L27
 189 00aa 988D      	.L23:
 191 00ae 3FEF      	.LM12:
 192 00b0 4FE7      		ldd r22,Y+25
 193 00b2 57E4      		ldd r23,Y+26
 194 00b4 0E94 0000 		ldd r24,Y+27
 195 00b8 1816      		ldd r25,Y+28
 196 00ba 04F4      		ldi r18,lo8(0x41200000)
 197               		ldi r19,hi8(0x41200000)
 117:d:/winavr-20100110/lib/gcc/../../avr/include/util/delay.h **** 	{
 118:d:/winavr-20100110/lib/gcc/../../avr/include/util/delay.h **** 		//	__ticks = requested delay in 1/10 ms
 119:d:/winavr-20100110/lib/gcc/../../avr/include/util/delay.h **** 		__ticks = (uint16_t) (__ms * 10.0);
 198               	0x41200000)
 199               		ldi r21,hhi8(0x41200000)
 200 00bc 698D      		call __mulsf3
 201 00be 7A8D      		movw r26,r24
 202 00c0 8B8D      		movw r24,r22
 203 00c2 9C8D      		movw r22,r24
 204 00c4 20E0      		movw r24,r26
 205 00c6 30E0      		call __fixunssfsi
 206 00c8 40E2      		movw r26,r24
 207 00ca 51E4      		movw r24,r22
 208 00cc 0E94 0000 		std Y+20,r25
 209 00d0 DC01      		std Y+19,r24
 210 00d2 CB01      		rjmp .L8
 211 00d4 BC01      	.L9:
 212 00d6 CD01      		ldi r24,lo8(25)
 213 00d8 0E94 0000 		ldi r25,hi8(25)
 214 00dc DC01      		std Y+18,r25
 215 00de CB01      		std Y+17,r24
 216 00e0 9C8B      	.LBB16:
 217 00e2 8B8B      	.LBB17:
 219               	.Ltext2:
 221 00e8 90E0      	.LM13:
 222 00ea 9A8B      		ldd r24,Y+17
 223 00ec 898B      		ldd r25,Y+18
 224               	/* #APP */
 225               	 ;  105 "d:/winavr-20100110/lib/gcc/../../avr/include/util/delay_basic.h" 1
 226               		1: sbiw r24,1
 227               		brne 1b
   1:d:/winavr-20100110/lib/gcc/../../avr/include/util/delay_basic.h **** /* Copyright (c) 2002, Marek Michalkiewicz
   2:d:/winavr-20100110/lib/gcc/../../avr/include/util/delay_basic.h ****    Copyright (c) 2007 Joerg Wunsch
   3:d:/winavr-20100110/lib/gcc/../../avr/include/util/delay_basic.h ****    All rights reserved.
   4:d:/winavr-20100110/lib/gcc/../../avr/include/util/delay_basic.h **** 
   5:d:/winavr-20100110/lib/gcc/../../avr/include/util/delay_basic.h ****    Redistribution and use in source and binary forms, with or without
   6:d:/winavr-20100110/lib/gcc/../../avr/include/util/delay_basic.h ****    modification, are permitted provided that the following conditions are met:
   7:d:/winavr-20100110/lib/gcc/../../avr/include/util/delay_basic.h **** 
   8:d:/winavr-20100110/lib/gcc/../../avr/include/util/delay_basic.h ****    * Redistributions of source code must retain the above copyright
   9:d:/winavr-20100110/lib/gcc/../../avr/include/util/delay_basic.h ****      notice, this list of conditions and the following disclaimer.
  10:d:/winavr-20100110/lib/gcc/../../avr/include/util/delay_basic.h **** 
  11:d:/winavr-20100110/lib/gcc/../../avr/include/util/delay_basic.h ****    * Redistributions in binary form must reproduce the above copyright
  12:d:/winavr-20100110/lib/gcc/../../avr/include/util/delay_basic.h ****      notice, this list of conditions and the following disclaimer in
  13:d:/winavr-20100110/lib/gcc/../../avr/include/util/delay_basic.h ****      the documentation and/or other materials provided with the
  14:d:/winavr-20100110/lib/gcc/../../avr/include/util/delay_basic.h ****      distribution.
  15:d:/winavr-20100110/lib/gcc/../../avr/include/util/delay_basic.h **** 
  16:d:/winavr-20100110/lib/gcc/../../avr/include/util/delay_basic.h ****    * Neither the name of the copyright holders nor the names of
  17:d:/winavr-20100110/lib/gcc/../../avr/include/util/delay_basic.h ****      contributors may be used to endorse or promote products derived
  18:d:/winavr-20100110/lib/gcc/../../avr/include/util/delay_basic.h ****      from this software without specific prior written permission.
  19:d:/winavr-20100110/lib/gcc/../../avr/include/util/delay_basic.h **** 
  20:d:/winavr-20100110/lib/gcc/../../avr/include/util/delay_basic.h ****   THIS SOFTWARE IS PROVIDED BY THE COPYRIGHT HOLDERS AND CONTRIBUTORS "AS IS"
  21:d:/winavr-20100110/lib/gcc/../../avr/include/util/delay_basic.h ****   AND ANY EXPRESS OR IMPLIED WARRANTIES, INCLUDING, BUT NOT LIMITED TO, THE
  22:d:/winavr-20100110/lib/gcc/../../avr/include/util/delay_basic.h ****   IMPLIED WARRANTIES OF MERCHANTABILITY AND FITNESS FOR A PARTICULAR PURPOSE
  23:d:/winavr-20100110/lib/gcc/../../avr/include/util/delay_basic.h ****   ARE DISCLAIMED. IN NO EVENT SHALL THE COPYRIGHT OWNER OR CONTRIBUTORS BE
  24:d:/winavr-20100110/lib/gcc/../../avr/include/util/delay_basic.h ****   LIABLE FOR ANY DIRECT, INDIRECT, INCIDENTAL, SPECIAL, EXEMPLARY, OR
  25:d:/winavr-20100110/lib/gcc/../../avr/include/util/delay_basic.h ****   CONSEQUENTIAL DAMAGES (INCLUDING, BUT NOT LIMITED TO, PROCUREMENT OF
  26:d:/winavr-20100110/lib/gcc/../../avr/include/util/delay_basic.h ****   SUBSTITUTE GOODS OR SERVICES; LOSS OF USE, DATA, OR PROFITS; OR BUSINESS
  27:d:/winavr-20100110/lib/gcc/../../avr/include/util/delay_basic.h ****   INTERRUPTION) HOWEVER CAUSED AND ON ANY THEORY OF LIABILITY, WHETHER IN
  28:d:/winavr-20100110/lib/gcc/../../avr/include/util/delay_basic.h ****   CONTRACT, STRICT LIABILITY, OR TORT (INCLUDING NEGLIGENCE OR OTHERWISE)
  29:d:/winavr-20100110/lib/gcc/../../avr/include/util/delay_basic.h ****   ARISING IN ANY WAY OUT OF THE USE OF THIS SOFTWARE, EVEN IF ADVISED OF THE
  30:d:/winavr-20100110/lib/gcc/../../avr/include/util/delay_basic.h ****   POSSIBILITY OF SUCH DAMAGE. */
  31:d:/winavr-20100110/lib/gcc/../../avr/include/util/delay_basic.h **** 
  32:d:/winavr-20100110/lib/gcc/../../avr/include/util/delay_basic.h **** /* $Id: delay_basic.h,v 1.1 2007/05/13 21:23:20 joerg_wunsch Exp $ */
  33:d:/winavr-20100110/lib/gcc/../../avr/include/util/delay_basic.h **** 
  34:d:/winavr-20100110/lib/gcc/../../avr/include/util/delay_basic.h **** #ifndef _UTIL_DELAY_BASIC_H_
  35:d:/winavr-20100110/lib/gcc/../../avr/include/util/delay_basic.h **** #define _UTIL_DELAY_BASIC_H_ 1
  36:d:/winavr-20100110/lib/gcc/../../avr/include/util/delay_basic.h **** 
  37:d:/winavr-20100110/lib/gcc/../../avr/include/util/delay_basic.h **** #include <inttypes.h>
  38:d:/winavr-20100110/lib/gcc/../../avr/include/util/delay_basic.h **** 
  39:d:/winavr-20100110/lib/gcc/../../avr/include/util/delay_basic.h **** /** \file */
  40:d:/winavr-20100110/lib/gcc/../../avr/include/util/delay_basic.h **** /** \defgroup util_delay_basic <util/delay_basic.h>: Basic busy-wait delay loops
  41:d:/winavr-20100110/lib/gcc/../../avr/include/util/delay_basic.h ****     \code
  42:d:/winavr-20100110/lib/gcc/../../avr/include/util/delay_basic.h ****     #include <util/delay_basic.h>
  43:d:/winavr-20100110/lib/gcc/../../avr/include/util/delay_basic.h ****     \endcode
  44:d:/winavr-20100110/lib/gcc/../../avr/include/util/delay_basic.h **** 
  45:d:/winavr-20100110/lib/gcc/../../avr/include/util/delay_basic.h ****     The functions in this header file implement simple delay loops
  46:d:/winavr-20100110/lib/gcc/../../avr/include/util/delay_basic.h ****     that perform a busy-waiting.  They are typically used to
  47:d:/winavr-20100110/lib/gcc/../../avr/include/util/delay_basic.h ****     facilitate short delays in the program execution.  They are
  48:d:/winavr-20100110/lib/gcc/../../avr/include/util/delay_basic.h ****     implemented as count-down loops with a well-known CPU cycle
  49:d:/winavr-20100110/lib/gcc/../../avr/include/util/delay_basic.h ****     count per loop iteration.  As such, no other processing can
  50:d:/winavr-20100110/lib/gcc/../../avr/include/util/delay_basic.h ****     occur simultaneously.  It should be kept in mind that the
  51:d:/winavr-20100110/lib/gcc/../../avr/include/util/delay_basic.h ****     functions described here do not disable interrupts.
  52:d:/winavr-20100110/lib/gcc/../../avr/include/util/delay_basic.h **** 
  53:d:/winavr-20100110/lib/gcc/../../avr/include/util/delay_basic.h ****     In general, for long delays, the use of hardware timers is
  54:d:/winavr-20100110/lib/gcc/../../avr/include/util/delay_basic.h ****     much preferrable, as they free the CPU, and allow for
  55:d:/winavr-20100110/lib/gcc/../../avr/include/util/delay_basic.h ****     concurrent processing of other events while the timer is
  56:d:/winavr-20100110/lib/gcc/../../avr/include/util/delay_basic.h ****     running.  However, in particular for very short delays, the
  57:d:/winavr-20100110/lib/gcc/../../avr/include/util/delay_basic.h ****     overhead of setting up a hardware timer is too much compared
  58:d:/winavr-20100110/lib/gcc/../../avr/include/util/delay_basic.h ****     to the overall delay time.
  59:d:/winavr-20100110/lib/gcc/../../avr/include/util/delay_basic.h **** 
  60:d:/winavr-20100110/lib/gcc/../../avr/include/util/delay_basic.h ****     Two inline functions are provided for the actual delay algorithms.
  61:d:/winavr-20100110/lib/gcc/../../avr/include/util/delay_basic.h **** 
  62:d:/winavr-20100110/lib/gcc/../../avr/include/util/delay_basic.h **** */
  63:d:/winavr-20100110/lib/gcc/../../avr/include/util/delay_basic.h **** 
  64:d:/winavr-20100110/lib/gcc/../../avr/include/util/delay_basic.h **** #if !defined(__DOXYGEN__)
  65:d:/winavr-20100110/lib/gcc/../../avr/include/util/delay_basic.h **** static inline void _delay_loop_1(uint8_t __count) __attribute__((always_inline));
  66:d:/winavr-20100110/lib/gcc/../../avr/include/util/delay_basic.h **** static inline void _delay_loop_2(uint16_t __count) __attribute__((always_inline));
  67:d:/winavr-20100110/lib/gcc/../../avr/include/util/delay_basic.h **** #endif
  68:d:/winavr-20100110/lib/gcc/../../avr/include/util/delay_basic.h **** 
  69:d:/winavr-20100110/lib/gcc/../../avr/include/util/delay_basic.h **** /** \ingroup util_delay_basic
  70:d:/winavr-20100110/lib/gcc/../../avr/include/util/delay_basic.h **** 
  71:d:/winavr-20100110/lib/gcc/../../avr/include/util/delay_basic.h ****     Delay loop using an 8-bit counter \c __count, so up to 256
  72:d:/winavr-20100110/lib/gcc/../../avr/include/util/delay_basic.h ****     iterations are possible.  (The value 256 would have to be passed
  73:d:/winavr-20100110/lib/gcc/../../avr/include/util/delay_basic.h ****     as 0.)  The loop executes three CPU cycles per iteration, not
  74:d:/winavr-20100110/lib/gcc/../../avr/include/util/delay_basic.h ****     including the overhead the compiler needs to setup the counter
  75:d:/winavr-20100110/lib/gcc/../../avr/include/util/delay_basic.h ****     register.
  76:d:/winavr-20100110/lib/gcc/../../avr/include/util/delay_basic.h **** 
  77:d:/winavr-20100110/lib/gcc/../../avr/include/util/delay_basic.h ****     Thus, at a CPU speed of 1 MHz, delays of up to 768 microseconds
  78:d:/winavr-20100110/lib/gcc/../../avr/include/util/delay_basic.h ****     can be achieved.
  79:d:/winavr-20100110/lib/gcc/../../avr/include/util/delay_basic.h **** */
  80:d:/winavr-20100110/lib/gcc/../../avr/include/util/delay_basic.h **** void
  81:d:/winavr-20100110/lib/gcc/../../avr/include/util/delay_basic.h **** _delay_loop_1(uint8_t __count)
  82:d:/winavr-20100110/lib/gcc/../../avr/include/util/delay_basic.h **** {
  83:d:/winavr-20100110/lib/gcc/../../avr/include/util/delay_basic.h **** 	__asm__ volatile (
  84:d:/winavr-20100110/lib/gcc/../../avr/include/util/delay_basic.h **** 		"1: dec %0" "\n\t"
  85:d:/winavr-20100110/lib/gcc/../../avr/include/util/delay_basic.h **** 		"brne 1b"
  86:d:/winavr-20100110/lib/gcc/../../avr/include/util/delay_basic.h **** 		: "=r" (__count)
  87:d:/winavr-20100110/lib/gcc/../../avr/include/util/delay_basic.h **** 		: "0" (__count)
  88:d:/winavr-20100110/lib/gcc/../../avr/include/util/delay_basic.h **** 	);
  89:d:/winavr-20100110/lib/gcc/../../avr/include/util/delay_basic.h **** }
  90:d:/winavr-20100110/lib/gcc/../../avr/include/util/delay_basic.h **** 
  91:d:/winavr-20100110/lib/gcc/../../avr/include/util/delay_basic.h **** /** \ingroup util_delay_basic
  92:d:/winavr-20100110/lib/gcc/../../avr/include/util/delay_basic.h **** 
  93:d:/winavr-20100110/lib/gcc/../../avr/include/util/delay_basic.h ****     Delay loop using a 16-bit counter \c __count, so up to 65536
  94:d:/winavr-20100110/lib/gcc/../../avr/include/util/delay_basic.h ****     iterations are possible.  (The value 65536 would have to be
  95:d:/winavr-20100110/lib/gcc/../../avr/include/util/delay_basic.h ****     passed as 0.)  The loop executes four CPU cycles per iteration,
  96:d:/winavr-20100110/lib/gcc/../../avr/include/util/delay_basic.h ****     not including the overhead the compiler requires to setup the
  97:d:/winavr-20100110/lib/gcc/../../avr/include/util/delay_basic.h ****     counter register pair.
  98:d:/winavr-20100110/lib/gcc/../../avr/include/util/delay_basic.h **** 
  99:d:/winavr-20100110/lib/gcc/../../avr/include/util/delay_basic.h ****     Thus, at a CPU speed of 1 MHz, delays of up to about 262.1
 100:d:/winavr-20100110/lib/gcc/../../avr/include/util/delay_basic.h ****     milliseconds can be achieved.
 101:d:/winavr-20100110/lib/gcc/../../avr/include/util/delay_basic.h ****  */
 102:d:/winavr-20100110/lib/gcc/../../avr/include/util/delay_basic.h **** void
 103:d:/winavr-20100110/lib/gcc/../../avr/include/util/delay_basic.h **** _delay_loop_2(uint16_t __count)
 104:d:/winavr-20100110/lib/gcc/../../avr/include/util/delay_basic.h **** {
 105:d:/winavr-20100110/lib/gcc/../../avr/include/util/delay_basic.h **** 	__asm__ volatile (
 228               	+18,r25
 229               		std Y+17,r24
 230 00ee 8989      	.LBE17:
 231 00f0 9A89      	.LBE16:
 233               	.Ltext3:
 235 00f4 01F4      	.LM14:
 236               		ldd r24,Y+19
 237               		ldd r25,Y+20
 238 00f6 9A8B      		sbiw r24,1
 239 00f8 898B      		std Y+20,r25
 240               		std Y+19,r24
 241               	.L8:
 243               	.LM15:
 120:d:/winavr-20100110/lib/gcc/../../avr/include/util/delay.h **** 		while(__ticks)
 121:d:/winavr-20100110/lib/gcc/../../avr/include/util/delay.h **** 		{
 122:d:/winavr-20100110/lib/gcc/../../avr/include/util/delay.h **** 			// wait 1/10 ms
 123:d:/winavr-20100110/lib/gcc/../../avr/include/util/delay.h **** 			_delay_loop_2(((F_CPU) / 4e3) / 10);
 124:d:/winavr-20100110/lib/gcc/../../avr/include/util/delay.h **** 			__ticks --;
 244               	dd r25,Y+20
 245               		sbiw r24,0
 246 00fa 8B89      		brne .L9
 247 00fc 9C89      		rjmp .L10
 248 00fe 0197      	.L27:
 250 0102 8B8B      	.LM16:
 251               		ldd r22,Y+21
 252               		ldd r23,Y+22
 253               		ldd r24,Y+23
 254 0104 8B89      		ldd r25,Y+24
 255 0106 9C89      		call __fixunssfsi
 256 0108 0097      		movw r26,r24
 257 010a 01F4      		movw r24,r22
 258 010c 00C0      		std Y+20,r25
 259               		std Y+19,r24
 125:d:/winavr-20100110/lib/gcc/../../avr/include/util/delay.h **** 		}
 126:d:/winavr-20100110/lib/gcc/../../avr/include/util/delay.h **** 		return;
 127:d:/winavr-20100110/lib/gcc/../../avr/include/util/delay.h **** 	}
 128:d:/winavr-20100110/lib/gcc/../../avr/include/util/delay.h **** 	else
 129:d:/winavr-20100110/lib/gcc/../../avr/include/util/delay.h **** 		__ticks = (uint16_t)__tmp;
 260               	5,Y+20
 261               		sbiw r24,0
 262 010e 6D89      		brne .L9
 263 0110 7E89      		rjmp .L10
 264 0112 8F89      	.L27:
 266 0116 0E94 0000 	.LM16:
 267 011a DC01      		ldd r22,Y+21
 268 011c CB01      		ldd r23,Y+22
 269 011e 9C8B      		ldd r24,Y+23
 270 0120 8B8B      		ldd r25,Y+24
 271               		call __fixunssfsi
 272 0122 8B89      		movw r26,r24
 273 0124 9C89      		movw r24,r22
 274 0126 988B      		std Y+20,r25
 275 0128 8F87      		std Y+19,r24
 276               	.L5:
 277               		ldd r24,Y+19
 278               		ldd r25,Y+20
 279               		std Y+16,r25
 280               		std Y+15,r24
 281               	.LBB18:
 282 012a 8F85      	.LBB19:
 284               	.Ltext4:
 286 012e 0197      	.LM17:
 287 0130 01F4      		ldd r24,Y+15
 288               		ldd r25,Y+16
 289               	/* #APP */
 290 0132 988B      	 ;  105 "d:/winavr-20100110/lib/gcc/../../avr/include/util/delay_basic.h" 1
 291 0134 8F87      		1: sbiw r24,1
 292               		brne 1b
 293               	 ;  0 "" 2
 294               	/* #NOAPP */
 295               		std Y+16,r25
 296               		std Y+15,r24
 297               	.L10:
 298               	.LBE19:
  26:my_idea.c     ****             _delay_ms(200);
  27:my_idea.c     ****             PORTC =0x00;
 299               		ldd r25,Y+16
 300               	/* #APP */
 301 0136 E5E3      	 ;  105 "d:/winavr-20100110/lib/gcc/../../avr/include/util/delay_basic.h" 1
 302 0138 F0E0      		1: sbiw r24,1
 303 013a 1082      		brne 1b
 304 013c 80E0      	 ;  0 "" 2
 305 013e 90E0      	/* #NOAPP */
 306 0140 A8E4      		std Y+16,r25
 307 0142 B3E4      		std Y+15,r24
 308 0144 8B87      	.L10:
 309 0146 9C87      	.LBE19:
 310 0148 AD87      	.LBE18:
 311 014a BE87      	.LBE15:
 312               	.LBE14:
 314               	.Ltext5:
 316               	.LM18:
 317               		ldi r30,lo8(53)
 318 014c 6B85      		ldi r31,hi8(53)
 319 014e 7C85      		st Z,__zero_reg__
 320 0150 8D85      		ldi r24,lo8(0x43480000)
 321 0152 9E85      		ldi r25,hi8(0x43480000)
 322 0154 20E0      		ldi r26,hlo8(0x43480000)
 323 0156 30E0      		ldi r27,hhi8(0x43480000)
 324 0158 4AE7      		std Y+11,r24
 325 015a 53E4      		std Y+12,r25
 326 015c 0E94 0000 		std Y+13,r26
 327 0160 DC01      		std Y+14,r27
 328 0162 CB01      	.LBB20:
 329 0164 8F83      	.LBB21:
 331 0168 A987      	.Ltext6:
 333               	.LM19:
 334               		ldd r22,Y+11
 335 016c 6F81      		ldd r23,Y+12
 336 016e 7885      		ldd r24,Y+13
 337 0170 8985      		ldd r25,Y+14
 338 0172 9A85      		ldi r18,lo8(0x437a0000)
 339 0174 20E0      		ldi r19,hi8(0x437a0000)
 340 0176 30E0      		ldi r20,hlo8(0x437a0000)
 341 0178 40E8      		ldi r21,hhi8(0x437a0000)
 342 017a 5FE3      		call __mulsf3
 343 017c 0E94 0000 		movw r26,r24
 344 0180 8823      		movw r24,r22
 345 0182 04F4      		std Y+7,r24
 346               		std Y+8,r25
 347               		std Y+9,r26
 348               		std Y+10,r27
 350 0186 90E0      	.LM20:
 351 0188 9E83      		ldd r22,Y+7
 352 018a 8D83      		ldd r23,Y+8
 353 018c 00C0      		ldd r24,Y+9
 354               		ldd r25,Y+10
 355               		ldi r18,lo8(0x3f800000)
 356               		ldi r19,hi8(0x3f800000)
 357 018e 6F81      		ldi r20,hlo8(0x3f800000)
 358 0190 7885      		ldi r21,hhi8(0x3f800000)
 359 0192 8985      		call __ltsf2
 360 0194 9A85      		tst r24
 361 0196 20E0      		brge .L28
 362 0198 3FEF      	.L24:
 364 019c 57E4      	.LM21:
 365 019e 0E94 0000 		ldi r24,lo8(1)
 366 01a2 1816      		ldi r25,hi8(1)
 367 01a4 04F4      		std Y+6,r25
 368               		std Y+5,r24
 369               		rjmp .L13
 370               	.L28:
 372 01a8 7C85      	.LM22:
 373 01aa 8D85      		ldd r22,Y+7
 374 01ac 9E85      		ldd r23,Y+8
 375 01ae 20E0      		ldd r24,Y+9
 376 01b0 30E0      		ldd r25,Y+10
 377 01b2 40E2      		ldi r18,lo8(0x477fff00)
 378 01b4 51E4      		ldi r19,hi8(0x477fff00)
 379 01b6 0E94 0000 		ldi r20,hlo8(0x477fff00)
 380 01ba DC01      		ldi r21,hhi8(0x477fff00)
 381 01bc CB01      		call __gtsf2
 382 01be BC01      		cp __zero_reg__,r24
 383 01c0 CD01      		brge .L29
 384 01c2 0E94 0000 	.L25:
 386 01c8 CB01      	.LM23:
 387 01ca 9E83      		ldd r22,Y+11
 388 01cc 8D83      		ldd r23,Y+12
 389 01ce 00C0      		ldd r24,Y+13
 390               		ldd r25,Y+14
 391 01d0 89E1      		ldi r18,lo8(0x41200000)
 392 01d2 90E0      		ldi r19,hi8(0x41200000)
 393 01d4 9C83      		ldi r20,hlo8(0x41200000)
 394 01d6 8B83      		ldi r21,hhi8(0x41200000)
 395               		call __mulsf3
 396               		movw r26,r24
 397               		movw r24,r22
 398               		movw r22,r24
 399               		movw r24,r26
 400               		call __fixunssfsi
 401 01d8 8B81      		movw r26,r24
 402 01da 9C81      		movw r24,r22
 403               		std Y+6,r25
 404               		std Y+5,r24
 405 01dc 0197      		rjmp .L16
 406 01de 01F4      	.L17:
 407               		ldi r24,lo8(25)
 408               		ldi r25,hi8(25)
 409 01e0 9C83      		std Y+4,r25
 410 01e2 8B83      		std Y+3,r24
 411               	.LBB22:
 412               	.LBB23:
 414               	.Ltext7:
 416               	.LM24:
 417 01e4 8D81      		ldd r24,Y+3
 418 01e6 9E81      		ldd r25,Y+4
 419 01e8 0197      	/* #APP */
 420 01ea 9E83      	 ;  105 "d:/winavr-20100110/lib/gcc/../../avr/include/util/delay_basic.h" 1
 421 01ec 8D83      		1: sbiw r24,1
 422               		brne 1b
 423               	 ;  0 "" 2
 424               	/* #NOAPP */
 425 01ee 8D81      		std Y+4,r25
 426 01f0 9E81      		std Y+3,r24
 427 01f2 0097      	.LBE23:
 428 01f4 01F4      	.LBE22:
 430               	.Ltext8:
 432               	.LM25:
 433 01f8 6F81      		ldd r24,Y+5
 434 01fa 7885      		ldd r25,Y+6
 435 01fc 8985      		sbiw r24,1
 436 01fe 9A85      		std Y+6,r25
 437 0200 0E94 0000 		std Y+5,r24
 438 0204 DC01      	.L16:
 440 0208 9E83      	.LM26:
 441 020a 8D83      		ldd r24,Y+5
 442               		ldd r25,Y+6
 443 020c 8D81      		sbiw r24,0
 444 020e 9E81      		brne .L17
 445 0210 9A83      		rjmp .L20
 446 0212 8983      	.L29:
 448               	.LM27:
 449               		ldd r22,Y+7
 450               		ldd r23,Y+8
 451               		ldd r24,Y+9
 452               		ldd r25,Y+10
 453 0214 8981      		call __fixunssfsi
 454 0216 9A81      		movw r26,r24
 455               		movw r24,r22
 456               		std Y+6,r25
 457 0218 0197      		std Y+5,r24
 458 021a 01F4      	.L13:
 459               		ldd r24,Y+5
 460               		ldd r25,Y+6
 461 021c 9A83      		std Y+2,r25
 462 021e 8983      		std Y+1,r24
 463 0220 00C0      	.LBB24:
 464               	.LBB25:
 466               	.Ltext9:
 468               	.LM28:
 469               		ldd r24,Y+1
 470               		ldd r25,Y+2
  28:my_idea.c     ****             _delay_ms(200);
  29:my_idea.c     ****         }
  30:my_idea.c     ****         else
  31:my_idea.c     ****         	PORTC = 0xFF;
 471               	28:
 472               		ldd r24,Y+1
 473 0222 E5E3      		ldd r25,Y+2
 474 0224 F0E0      	/* #APP */
 475 0226 8FEF      	 ;  105 "d:/winavr-20100110/lib/gcc/../../avr/include/util/delay_basic.h" 1
 476 0228 8083      		1: sbiw r24,1
 477 022a 00C0      		brne 1b
 478               	 ;  0 "" 2
 479               	/* #NOAPP */
 480               		std Y+2,r25
 481               		std Y+1,r24
 482               		rjmp .L20
 483               	.L2:
 484               	.LBE25:
DEFINED SYMBOLS
                            *ABS*:00000000 my_idea.c
C:\Users\do\AppData\Local\Temp/cckXJIhu.s:2      *ABS*:0000003f __SREG__
C:\Users\do\AppData\Local\Temp/cckXJIhu.s:3      *ABS*:0000003e __SP_H__
C:\Users\do\AppData\Local\Temp/cckXJIhu.s:4      *ABS*:0000003d __SP_L__
C:\Users\do\AppData\Local\Temp/cckXJIhu.s:5      *ABS*:00000034 __CCP__
C:\Users\do\AppData\Local\Temp/cckXJIhu.s:6      *ABS*:00000000 __tmp_reg__
C:\Users\do\AppData\Local\Temp/cckXJIhu.s:7      *ABS*:00000001 __zero_reg__
C:\Users\do\AppData\Local\Temp/cckXJIhu.s:71     .text:00000000 main

UNDEFINED SYMBOLS
__mulsf3
__ltsf2
__gtsf2
__fixunssfsi
